head -1 2019-04.csv | cut -d, -f8,9,11

pulocationid,dolocationid,fare_amount

grep -E "^([^,]*,){7}48.0,161.0," 2019-04.csv | cut -d, -f8,9,11 | head -10
grep -E "^([^,]*,){7}48.0,161.0," 2019-04.csv | cut -d, -f11 > result.txt

48.0,161.0,7.5
48.0,161.0,13.5
48.0,161.0,5.5
48.0,161.0,6.5
48.0,161.0,4.0
48.0,161.0,6.0
48.0,161.0,6.0
48.0,161.0,4.5
48.0,161.0,5.5
48.0,161.0,5.5

paste file

line1
line2
line3

paste -s file
line1 line2 line3


paste -s -d+ ws1/FARE/48.0-161.0.txt | bc

echo "$(paste -s -d+ ws1/FARE/48.0-161.0.txt | bc) / $(wc -l < ws1/FARE/48.0-161.0.txt)" | bc
